<?xml version="1.0" encoding="UTF-8"?>
<testsuites tests="10" failures="0" disabled="0" errors="0" time="0" timestamp="2026-07-16T12:13:42" name="AllTests">
  <testsuite name="SpectralV2PolicyTest" tests="10" failures="0" disabled="0" errors="0" time="0" timestamp="2026-07-16T12:13:42">
    <testcase name="RelativeSpectralMetricsFollowProposalFormulae" status="run" result="completed" time="0" timestamp="2026-07-16T12:13:42" classname="SpectralV2PolicyTest" />
    <testcase name="ConfidenceCombinesAllFiveNormalizedQualities" status="run" result="completed" time="0" timestamp="2026-07-16T12:13:42" classname="SpectralV2PolicyTest" />
    <testcase name="ConfidenceClampsEvidenceAndNormalizesWeights" status="run" result="completed" time="0" timestamp="2026-07-16T12:13:42" classname="SpectralV2PolicyTest" />
    <testcase name="DynamicSwitchPenaltyUsesClampedConfidenceAndReturnRisk" status="run" result="completed" time="0" timestamp="2026-07-16T12:13:42" classname="SpectralV2PolicyTest" />
    <testcase name="RegionRouteMustPassCombinedCostAndRegretGuards" status="run" result="completed" time="0" timestamp="2026-07-16T12:13:42" classname="SpectralV2PolicyTest" />
    <testcase name="InvalidRouteNeverPassesGuard" status="run" result="completed" time="0" timestamp="2026-07-16T12:13:42" classname="SpectralV2PolicyTest" />
    <testcase name="LockDebtDecaysAccumulatesOnlyDetourAndTriggersRecovery" status="run" result="completed" time="0" timestamp="2026-07-16T12:13:42" classname="SpectralV2PolicyTest" />
    <testcase name="HysteresisUsesAsymmetricPersistenceAndGrace" status="run" result="completed" time="0" timestamp="2026-07-16T12:13:42" classname="SpectralV2PolicyTest" />
    <testcase name="RouteGuardGatesActivationWithoutDiscardingStrongStreak" status="run" result="completed" time="0" timestamp="2026-07-16T12:13:42" classname="SpectralV2PolicyTest" />
    <testcase name="RecoveryRequiresExplicitCompletionAndDisabledHasPriority" status="run" result="completed" time="0" timestamp="2026-07-16T12:13:42" classname="SpectralV2PolicyTest" />
  </testsuite>
</testsuites>
