<?xml version="1.0" encoding="UTF-8"?>
<testsuites tests="9" failures="0" disabled="0" errors="0" time="0" timestamp="2026-07-16T12:13:39" name="AllTests">
  <testsuite name="SpectralRouterTest" tests="9" failures="0" disabled="0" errors="0" time="0" timestamp="2026-07-16T12:13:39">
    <testcase name="ChainHasExpectedSpectrumOrderAndFiniteResidual" status="run" result="completed" time="0" timestamp="2026-07-16T12:13:39" classname="SpectralRouterTest" />
    <testcase name="WeakBridgeSweepSeparatesCliquesWithLowerNcutThanRing" status="run" result="completed" time="0" timestamp="2026-07-16T12:13:39" classname="SpectralRouterTest" />
    <testcase name="HistoryAlignsSignByCommonNodeIdAcrossInputReordering" status="run" result="completed" time="0" timestamp="2026-07-16T12:13:39" classname="SpectralRouterTest" />
    <testcase name="ReversedDuplicateUndirectedEdgeIsRejected" status="run" result="completed" time="0" timestamp="2026-07-16T12:13:39" classname="SpectralRouterTest" />
    <testcase name="StructurallyIsolatedNodeIsRejected" status="run" result="completed" time="0" timestamp="2026-07-16T12:13:39" classname="SpectralRouterTest" />
    <testcase name="DisconnectedGraphWithoutIsolatesIsRejected" status="run" result="completed" time="0" timestamp="2026-07-16T12:13:39" classname="SpectralRouterTest" />
    <testcase name="ClearanceModeAssignsLowerWeightToNarrowEdge" status="run" result="completed" time="0" timestamp="2026-07-16T12:13:39" classname="SpectralRouterTest" />
    <testcase name="MinimumWeightClampsOnlyExplicitEdges" status="run" result="completed" time="0" timestamp="2026-07-16T12:13:39" classname="SpectralRouterTest" />
    <testcase name="ActiveAnchorProjectionPreservesSpectralOrder" status="run" result="completed" time="0" timestamp="2026-07-16T12:13:39" classname="SpectralRouterTest" />
  </testsuite>
</testsuites>
